make.exe --dry-run --always-make --keep-going --print-directory
make: Entering directory '/c/hemerson/Projetos/games/gba/game'
 
[ -d build ] || mkdir -p build
make --no-print-directory -f /c/hemerson/Projetos/games/gba/game/gfxmake
 
[ -d build ] || mkdir -p build
make --no-print-directory -C build -f /c/hemerson/Projetos/games/gba/game/gfxmake
 
make --no-print-directory -C build -f /c/hemerson/Projetos/games/gba/game/Makefile
 
echo global.c
arm-none-eabi-gcc -MMD -MP -MF /c/hemerson/Projetos/games/gba/game/build/global.d -g -Wall -O2 -mcpu=arm7tdmi -mtune=arm7tdmi -mthumb -mthumb-interwork -iquote /c/hemerson/Projetos/games/gba/game/include -IC:\devkitpro/libgba/include -IC:\devkitpro/libtonc/include -I/c/hemerson/Projetos/games/gba/game/build -c /c/hemerson/Projetos/games/gba/game/source/global.c -o global.o 
echo home.c
arm-none-eabi-gcc -MMD -MP -MF /c/hemerson/Projetos/games/gba/game/build/home.d -g -Wall -O2 -mcpu=arm7tdmi -mtune=arm7tdmi -mthumb -mthumb-interwork -iquote /c/hemerson/Projetos/games/gba/game/include -IC:\devkitpro/libgba/include -IC:\devkitpro/libtonc/include -I/c/hemerson/Projetos/games/gba/game/build -c /c/hemerson/Projetos/games/gba/game/source/home.c -o home.o 
echo main.c
arm-none-eabi-gcc -MMD -MP -MF /c/hemerson/Projetos/games/gba/game/build/main.d -g -Wall -O2 -mcpu=arm7tdmi -mtune=arm7tdmi -mthumb -mthumb-interwork -iquote /c/hemerson/Projetos/games/gba/game/include -IC:\devkitpro/libgba/include -IC:\devkitpro/libtonc/include -I/c/hemerson/Projetos/games/gba/game/build -c /c/hemerson/Projetos/games/gba/game/source/main.c -o main.o 
echo node.c
arm-none-eabi-gcc -MMD -MP -MF /c/hemerson/Projetos/games/gba/game/build/node.d -g -Wall -O2 -mcpu=arm7tdmi -mtune=arm7tdmi -mthumb -mthumb-interwork -iquote /c/hemerson/Projetos/games/gba/game/include -IC:\devkitpro/libgba/include -IC:\devkitpro/libtonc/include -I/c/hemerson/Projetos/games/gba/game/build -c /c/hemerson/Projetos/games/gba/game/source/node.c -o node.o 
echo player.c
arm-none-eabi-gcc -MMD -MP -MF /c/hemerson/Projetos/games/gba/game/build/player.d -g -Wall -O2 -mcpu=arm7tdmi -mtune=arm7tdmi -mthumb -mthumb-interwork -iquote /c/hemerson/Projetos/games/gba/game/include -IC:\devkitpro/libgba/include -IC:\devkitpro/libtonc/include -I/c/hemerson/Projetos/games/gba/game/build -c /c/hemerson/Projetos/games/gba/game/source/player.c -o player.o 
echo room.c
arm-none-eabi-gcc -MMD -MP -MF /c/hemerson/Projetos/games/gba/game/build/room.d -g -Wall -O2 -mcpu=arm7tdmi -mtune=arm7tdmi -mthumb -mthumb-interwork -iquote /c/hemerson/Projetos/games/gba/game/include -IC:\devkitpro/libgba/include -IC:\devkitpro/libtonc/include -I/c/hemerson/Projetos/games/gba/game/build -c /c/hemerson/Projetos/games/gba/game/source/room.c -o room.o 
echo libgfx.a
rm -f libgfx.a
arm-none-eabi-gcc-ar -rc libgfx.a 
echo linking cartridge
arm-none-eabi-gcc  -g -mthumb -mthumb-interwork -Wl,-Map,game.map -specs=gba.specs   global.o home.o main.o node.o player.o room.o  -L/c/hemerson/Projetos/games/gba/game -LC:\devkitpro/libgba/lib -LC:\devkitpro/libtonc/lib -lmm -ltonc -lgfx -o /c/hemerson/Projetos/games/gba/game/game.elf
arm-none-eabi-objcopy -O binary /c/hemerson/Projetos/games/gba/game/game.elf /c/hemerson/Projetos/games/gba/game/game.gba
echo built ... game.gba
gbafix /c/hemerson/Projetos/games/gba/game/game.gba
make: Leaving directory '/c/hemerson/Projetos/games/gba/game'
 
